[0.039s] Invoking command in '/home/ubuntu/turtlebot3_ws/build/turtlebot3_bringup': AMENT_PREFIX_PATH=/home/ubuntu/turtlebot3_ws/install/turtlebot3_node:/home/ubuntu/turtlebot3_ws/install/turtlebot3_description:${AMENT_PREFIX_PATH} CMAKE_PREFIX_PATH=/home/ubuntu/turtlebot3_ws/install/turtlebot3_node:/home/ubuntu/turtlebot3_ws/install/turtlebot3_description:/opt/ros/humble /usr/bin/cmake /home/ubuntu/turtlebot3_ws/src/turtlebot3/turtlebot3_bringup -DAMENT_CMAKE_SYMLINK_INSTALL=1 -DCMAKE_INSTALL_PREFIX=/home/ubuntu/turtlebot3_ws/install/turtlebot3_bringup
[0.292s] -- The C compiler identification is GNU 11.4.0
[0.545s] -- The CXX compiler identification is GNU 11.4.0
[0.577s] -- Detecting C compiler ABI info
[0.882s] -- Detecting C compiler ABI info - done
[0.910s] -- Check for working C compiler: /usr/bin/cc - skipped
[0.911s] -- Detecting C compile features
[0.912s] -- Detecting C compile features - done
[0.923s] -- Detecting CXX compiler ABI info
[1.261s] -- Detecting CXX compiler ABI info - done
[1.288s] -- Check for working CXX compiler: /usr/bin/c++ - skipped
[1.288s] -- Detecting CXX compile features
[1.290s] -- Detecting CXX compile features - done
[1.319s] -- Found ament_cmake: 1.3.11 (/opt/ros/humble/share/ament_cmake/cmake)
[2.047s] -- Found Python3: /usr/bin/python3 (found version "3.10.12") found components: Interpreter 
[2.346s] -- Override CMake install command with custom implementation using symlinks instead of copying resources
[2.990s] -- Configuring done
[3.008s] -- Generating done
[3.016s] -- Build files have been written to: /home/ubuntu/turtlebot3_ws/build/turtlebot3_bringup
[3.034s] Invoked command in '/home/ubuntu/turtlebot3_ws/build/turtlebot3_bringup' returned '0': AMENT_PREFIX_PATH=/home/ubuntu/turtlebot3_ws/install/turtlebot3_node:/home/ubuntu/turtlebot3_ws/install/turtlebot3_description:${AMENT_PREFIX_PATH} CMAKE_PREFIX_PATH=/home/ubuntu/turtlebot3_ws/install/turtlebot3_node:/home/ubuntu/turtlebot3_ws/install/turtlebot3_description:/opt/ros/humble /usr/bin/cmake /home/ubuntu/turtlebot3_ws/src/turtlebot3/turtlebot3_bringup -DAMENT_CMAKE_SYMLINK_INSTALL=1 -DCMAKE_INSTALL_PREFIX=/home/ubuntu/turtlebot3_ws/install/turtlebot3_bringup
[3.042s] Invoking command in '/home/ubuntu/turtlebot3_ws/build/turtlebot3_bringup': AMENT_PREFIX_PATH=/home/ubuntu/turtlebot3_ws/install/turtlebot3_node:/home/ubuntu/turtlebot3_ws/install/turtlebot3_description:${AMENT_PREFIX_PATH} CMAKE_PREFIX_PATH=/home/ubuntu/turtlebot3_ws/install/turtlebot3_node:/home/ubuntu/turtlebot3_ws/install/turtlebot3_description:/opt/ros/humble /usr/bin/cmake --build /home/ubuntu/turtlebot3_ws/build/turtlebot3_bringup -- -j4 -l4
[3.182s] Invoked command in '/home/ubuntu/turtlebot3_ws/build/turtlebot3_bringup' returned '0': AMENT_PREFIX_PATH=/home/ubuntu/turtlebot3_ws/install/turtlebot3_node:/home/ubuntu/turtlebot3_ws/install/turtlebot3_description:${AMENT_PREFIX_PATH} CMAKE_PREFIX_PATH=/home/ubuntu/turtlebot3_ws/install/turtlebot3_node:/home/ubuntu/turtlebot3_ws/install/turtlebot3_description:/opt/ros/humble /usr/bin/cmake --build /home/ubuntu/turtlebot3_ws/build/turtlebot3_bringup -- -j4 -l4
[3.190s] Invoking command in '/home/ubuntu/turtlebot3_ws/build/turtlebot3_bringup': AMENT_PREFIX_PATH=/home/ubuntu/turtlebot3_ws/install/turtlebot3_node:/home/ubuntu/turtlebot3_ws/install/turtlebot3_description:${AMENT_PREFIX_PATH} CMAKE_PREFIX_PATH=/home/ubuntu/turtlebot3_ws/install/turtlebot3_node:/home/ubuntu/turtlebot3_ws/install/turtlebot3_description:/opt/ros/humble /usr/bin/cmake --install /home/ubuntu/turtlebot3_ws/build/turtlebot3_bringup
[3.217s] -- Install configuration: ""
[3.218s] -- Execute custom install script
[3.221s] -- Symlinking: /home/ubuntu/turtlebot3_ws/install/turtlebot3_bringup/share/turtlebot3_bringup/launch/robot.launch.py
[3.252s] -- Symlinking: /home/ubuntu/turtlebot3_ws/install/turtlebot3_bringup/share/turtlebot3_bringup/launch/rviz2.launch.py
[3.283s] -- Symlinking: /home/ubuntu/turtlebot3_ws/install/turtlebot3_bringup/share/turtlebot3_bringup/launch/turtlebot3_state_publisher.launch.py
[3.316s] -- Symlinking: /home/ubuntu/turtlebot3_ws/install/turtlebot3_bringup/share/turtlebot3_bringup/param/burger.yaml
[3.347s] -- Symlinking: /home/ubuntu/turtlebot3_ws/install/turtlebot3_bringup/share/turtlebot3_bringup/param/waffle.yaml
[3.379s] -- Symlinking: /home/ubuntu/turtlebot3_ws/install/turtlebot3_bringup/share/turtlebot3_bringup/param/waffle_pi.yaml
[3.411s] -- Symlinking: /home/ubuntu/turtlebot3_ws/install/turtlebot3_bringup/share/turtlebot3_bringup/script/99-turtlebot3-cdc.rules
[3.442s] -- Symlinking: /home/ubuntu/turtlebot3_ws/install/turtlebot3_bringup/share/turtlebot3_bringup/script/create_udev_rules
[3.475s] -- Symlinking: /home/ubuntu/turtlebot3_ws/install/turtlebot3_bringup/share/ament_index/resource_index/package_run_dependencies/turtlebot3_bringup
[3.506s] -- Symlinking: /home/ubuntu/turtlebot3_ws/install/turtlebot3_bringup/share/ament_index/resource_index/parent_prefix_path/turtlebot3_bringup
[3.539s] -- Symlinking: /home/ubuntu/turtlebot3_ws/install/turtlebot3_bringup/share/turtlebot3_bringup/environment/ament_prefix_path.sh
[3.571s] -- Symlinking: /home/ubuntu/turtlebot3_ws/install/turtlebot3_bringup/share/turtlebot3_bringup/environment/ament_prefix_path.dsv
[3.602s] -- Symlinking: /home/ubuntu/turtlebot3_ws/install/turtlebot3_bringup/share/turtlebot3_bringup/environment/path.sh
[3.634s] -- Symlinking: /home/ubuntu/turtlebot3_ws/install/turtlebot3_bringup/share/turtlebot3_bringup/environment/path.dsv
[3.688s] -- Symlinking: /home/ubuntu/turtlebot3_ws/install/turtlebot3_bringup/share/turtlebot3_bringup/local_setup.bash
[3.721s] -- Symlinking: /home/ubuntu/turtlebot3_ws/install/turtlebot3_bringup/share/turtlebot3_bringup/local_setup.sh
[3.753s] -- Symlinking: /home/ubuntu/turtlebot3_ws/install/turtlebot3_bringup/share/turtlebot3_bringup/local_setup.zsh
[3.783s] -- Symlinking: /home/ubuntu/turtlebot3_ws/install/turtlebot3_bringup/share/turtlebot3_bringup/local_setup.dsv
[3.815s] -- Symlinking: /home/ubuntu/turtlebot3_ws/install/turtlebot3_bringup/share/turtlebot3_bringup/package.dsv
[3.847s] -- Symlinking: /home/ubuntu/turtlebot3_ws/install/turtlebot3_bringup/share/ament_index/resource_index/packages/turtlebot3_bringup
[3.879s] -- Symlinking: /home/ubuntu/turtlebot3_ws/install/turtlebot3_bringup/share/turtlebot3_bringup/cmake/turtlebot3_bringupConfig.cmake
[3.910s] -- Symlinking: /home/ubuntu/turtlebot3_ws/install/turtlebot3_bringup/share/turtlebot3_bringup/cmake/turtlebot3_bringupConfig-version.cmake
[3.941s] -- Symlinking: /home/ubuntu/turtlebot3_ws/install/turtlebot3_bringup/share/turtlebot3_bringup/package.xml
[3.978s] Invoked command in '/home/ubuntu/turtlebot3_ws/build/turtlebot3_bringup' returned '0': AMENT_PREFIX_PATH=/home/ubuntu/turtlebot3_ws/install/turtlebot3_node:/home/ubuntu/turtlebot3_ws/install/turtlebot3_description:${AMENT_PREFIX_PATH} CMAKE_PREFIX_PATH=/home/ubuntu/turtlebot3_ws/install/turtlebot3_node:/home/ubuntu/turtlebot3_ws/install/turtlebot3_description:/opt/ros/humble /usr/bin/cmake --install /home/ubuntu/turtlebot3_ws/build/turtlebot3_bringup
