running egg_info
writing build/bot_bestie/bot_bestie.egg-info/PKG-INFO
writing dependency_links to build/bot_bestie/bot_bestie.egg-info/dependency_links.txt
writing entry points to build/bot_bestie/bot_bestie.egg-info/entry_points.txt
writing requirements to build/bot_bestie/bot_bestie.egg-info/requires.txt
writing top-level names to build/bot_bestie/bot_bestie.egg-info/top_level.txt
reading manifest file 'build/bot_bestie/bot_bestie.egg-info/SOURCES.txt'
writing manifest file 'build/bot_bestie/bot_bestie.egg-info/SOURCES.txt'
running build
running build_py
running install
running install_lib
running install_data
running install_egg_info
removing '/home/rex/colcon_ws/src/r2auto_nav_CDE2310/install/bot_bestie/lib/python3.10/site-packages/bot_bestie-0.0.0-py3.10.egg-info' (and everything under it)
Copying build/bot_bestie/bot_bestie.egg-info to /home/rex/colcon_ws/src/r2auto_nav_CDE2310/install/bot_bestie/lib/python3.10/site-packages/bot_bestie-0.0.0-py3.10.egg-info
running install_scripts
Installing global_controller script to /home/rex/colcon_ws/src/r2auto_nav_CDE2310/install/bot_bestie/lib/bot_bestie
Installing navigation_node script to /home/rex/colcon_ws/src/r2auto_nav_CDE2310/install/bot_bestie/lib/bot_bestie
writing list of installed files to '/home/rex/colcon_ws/src/r2auto_nav_CDE2310/build/bot_bestie/install.log'
