[0.443s] Invoking command in '/home/rex/colcon_ws/src/r2auto_nav_CDE2310': PYTHONPATH=/home/rex/colcon_ws/src/r2auto_nav_CDE2310/build/bot_bestie/prefix_override:/usr/lib/python3/dist-packages/colcon_core/task/python/colcon_distutils_commands:/home/rex/colcon_ws/src/r2auto_nav_CDE2310/install/bot_bestie/lib/python3.10/site-packages:${PYTHONPATH} /usr/bin/python3 -W ignore:setup.py install is deprecated -W ignore:easy_install command is deprecated setup.py egg_info --egg-base build/bot_bestie build --build-base /home/rex/colcon_ws/src/r2auto_nav_CDE2310/build/bot_bestie/build install --record /home/rex/colcon_ws/src/r2auto_nav_CDE2310/build/bot_bestie/install.log --single-version-externally-managed install_data
[0.609s] running egg_info
[0.609s] writing build/bot_bestie/bot_bestie.egg-info/PKG-INFO
[0.609s] writing dependency_links to build/bot_bestie/bot_bestie.egg-info/dependency_links.txt
[0.609s] writing entry points to build/bot_bestie/bot_bestie.egg-info/entry_points.txt
[0.609s] writing requirements to build/bot_bestie/bot_bestie.egg-info/requires.txt
[0.609s] writing top-level names to build/bot_bestie/bot_bestie.egg-info/top_level.txt
[0.610s] reading manifest file 'build/bot_bestie/bot_bestie.egg-info/SOURCES.txt'
[0.611s] writing manifest file 'build/bot_bestie/bot_bestie.egg-info/SOURCES.txt'
[0.611s] running build
[0.611s] running build_py
[0.611s] running install
[0.611s] running install_lib
[0.612s] running install_data
[0.612s] running install_egg_info
[0.613s] removing '/home/rex/colcon_ws/src/r2auto_nav_CDE2310/install/bot_bestie/lib/python3.10/site-packages/bot_bestie-0.0.0-py3.10.egg-info' (and everything under it)
[0.614s] Copying build/bot_bestie/bot_bestie.egg-info to /home/rex/colcon_ws/src/r2auto_nav_CDE2310/install/bot_bestie/lib/python3.10/site-packages/bot_bestie-0.0.0-py3.10.egg-info
[0.614s] running install_scripts
[0.630s] Installing global_controller script to /home/rex/colcon_ws/src/r2auto_nav_CDE2310/install/bot_bestie/lib/bot_bestie
[0.630s] Installing navigation_node script to /home/rex/colcon_ws/src/r2auto_nav_CDE2310/install/bot_bestie/lib/bot_bestie
[0.630s] writing list of installed files to '/home/rex/colcon_ws/src/r2auto_nav_CDE2310/build/bot_bestie/install.log'
[0.647s] Invoked command in '/home/rex/colcon_ws/src/r2auto_nav_CDE2310' returned '0': PYTHONPATH=/home/rex/colcon_ws/src/r2auto_nav_CDE2310/build/bot_bestie/prefix_override:/usr/lib/python3/dist-packages/colcon_core/task/python/colcon_distutils_commands:/home/rex/colcon_ws/src/r2auto_nav_CDE2310/install/bot_bestie/lib/python3.10/site-packages:${PYTHONPATH} /usr/bin/python3 -W ignore:setup.py install is deprecated -W ignore:easy_install command is deprecated setup.py egg_info --egg-base build/bot_bestie build --build-base /home/rex/colcon_ws/src/r2auto_nav_CDE2310/build/bot_bestie/build install --record /home/rex/colcon_ws/src/r2auto_nav_CDE2310/build/bot_bestie/install.log --single-version-externally-managed install_data
