[0.031s] Invoking command in '/home/ubuntu/turtlebot3_ws/build/ld08_driver': CMAKE_PREFIX_PATH=/opt/ros/humble /usr/bin/cmake /home/ubuntu/turtlebot3_ws/src/ld08_driver -DAMENT_CMAKE_SYMLINK_INSTALL=1 -DCMAKE_INSTALL_PREFIX=/home/ubuntu/turtlebot3_ws/install/ld08_driver
[0.275s] -- The C compiler identification is GNU 11.4.0
[0.523s] -- The CXX compiler identification is GNU 11.4.0
[0.554s] -- Detecting C compiler ABI info
[0.858s] -- Detecting C compiler ABI info - done
[0.884s] -- Check for working C compiler: /usr/bin/cc - skipped
[0.885s] -- Detecting C compile features
[0.886s] -- Detecting C compile features - done
[0.897s] -- Detecting CXX compiler ABI info
[1.236s] -- Detecting CXX compiler ABI info - done
[1.263s] -- Check for working CXX compiler: /usr/bin/c++ - skipped
[1.264s] -- Detecting CXX compile features
[1.266s] -- Detecting CXX compile features - done
[1.290s] -- Found ament_cmake: 1.3.11 (/opt/ros/humble/share/ament_cmake/cmake)
[1.992s] -- Found Python3: /usr/bin/python3 (found version "3.10.12") found components: Interpreter 
[2.268s] -- Override CMake install command with custom implementation using symlinks instead of copying resources
[2.517s] -- Found rclcpp: 16.0.11 (/opt/ros/humble/share/rclcpp/cmake)
[2.886s] -- Found rosidl_generator_c: 3.1.6 (/opt/ros/humble/share/rosidl_generator_c/cmake)
[2.933s] -- Found rosidl_adapter: 3.1.6 (/opt/ros/humble/share/rosidl_adapter/cmake)
[3.003s] -- Found rosidl_generator_cpp: 3.1.6 (/opt/ros/humble/share/rosidl_generator_cpp/cmake)
[3.092s] -- Using all available rosidl_typesupport_c: rosidl_typesupport_fastrtps_c;rosidl_typesupport_introspection_c
[3.225s] -- Using all available rosidl_typesupport_cpp: rosidl_typesupport_fastrtps_cpp;rosidl_typesupport_introspection_cpp
[3.560s] -- Found rmw_implementation_cmake: 6.1.2 (/opt/ros/humble/share/rmw_implementation_cmake/cmake)
[3.590s] -- Found rmw_fastrtps_cpp: 6.2.7 (/opt/ros/humble/share/rmw_fastrtps_cpp/cmake)
[4.140s] -- Found OpenSSL: /usr/lib/aarch64-linux-gnu/libcrypto.so (found version "3.0.2")  
[4.355s] -- Found FastRTPS: /opt/ros/humble/include  
[4.694s] -- Using RMW implementation 'rmw_fastrtps_cpp' as default
[4.772s] -- Looking for pthread.h
[5.096s] -- Looking for pthread.h - found
[5.099s] -- Performing Test CMAKE_HAVE_LIBC_PTHREAD
[5.419s] -- Performing Test CMAKE_HAVE_LIBC_PTHREAD - Success
[5.423s] -- Found Threads: TRUE  
[5.746s] -- Found sensor_msgs: 4.2.4 (/opt/ros/humble/share/sensor_msgs/cmake)
[5.991s] -- Found Boost: /usr/lib/aarch64-linux-gnu/cmake/Boost-1.74.0/BoostConfig.cmake (found version "1.74.0") found components: system 
[6.013s] -- Found ament_lint_auto: 0.12.11 (/opt/ros/humble/share/ament_lint_auto/cmake)
[6.326s] -- Configuring done
[6.384s] -- Generating done
[6.399s] -- Build files have been written to: /home/ubuntu/turtlebot3_ws/build/ld08_driver
[6.438s] Invoked command in '/home/ubuntu/turtlebot3_ws/build/ld08_driver' returned '0': CMAKE_PREFIX_PATH=/opt/ros/humble /usr/bin/cmake /home/ubuntu/turtlebot3_ws/src/ld08_driver -DAMENT_CMAKE_SYMLINK_INSTALL=1 -DCMAKE_INSTALL_PREFIX=/home/ubuntu/turtlebot3_ws/install/ld08_driver
[6.445s] Invoking command in '/home/ubuntu/turtlebot3_ws/build/ld08_driver': CMAKE_PREFIX_PATH=/opt/ros/humble /usr/bin/cmake --build /home/ubuntu/turtlebot3_ws/build/ld08_driver -- -j4 -l4
[6.653s] [ 16%] [32mBuilding CXX object CMakeFiles/ld08_driver.dir/src/cmd_interface_linux.cpp.o[0m
[6.656s] [ 33%] [32mBuilding CXX object CMakeFiles/ld08_driver.dir/src/lipkg.cpp.o[0m
[6.658s] [ 50%] [32mBuilding CXX object CMakeFiles/ld08_driver.dir/src/main.cpp.o[0m
[6.663s] [ 66%] [32mBuilding CXX object CMakeFiles/ld08_driver.dir/src/slbf.cpp.o[0m
[10.908s] [ 83%] [32mBuilding CXX object CMakeFiles/ld08_driver.dir/src/transform.cpp.o[0m
[25.693s] [01m[K/home/ubuntu/turtlebot3_ws/src/ld08_driver/src/transform.cpp:[m[K In constructor ‘[01m[KSlTransform::SlTransform(LDVersion, bool)[m[K’:
[25.695s] [01m[K/home/ubuntu/turtlebot3_ws/src/ld08_driver/src/transform.cpp:30:50:[m[K [01;35m[Kwarning: [m[Kunused parameter ‘[01m[Kto_right_hand[m[K’ [[01;35m[K]8;;https://gcc.gnu.org/onlinedocs/gcc/Warning-Options.html#index-Wunused-parameter-Wunused-parameter]8;;[m[K]
[25.696s]    30 | SlTransform::SlTransform(LDVersion version, [01;35m[Kbool to_right_hand[m[K)
[25.697s]       |                                             [01;35m[K~~~~~^~~~~~~~~~~~~[m[K
[30.420s] [100%] [32m[1mLinking CXX executable ld08_driver[0m
[31.487s] [100%] Built target ld08_driver
[31.525s] Invoked command in '/home/ubuntu/turtlebot3_ws/build/ld08_driver' returned '0': CMAKE_PREFIX_PATH=/opt/ros/humble /usr/bin/cmake --build /home/ubuntu/turtlebot3_ws/build/ld08_driver -- -j4 -l4
[31.534s] Invoking command in '/home/ubuntu/turtlebot3_ws/build/ld08_driver': CMAKE_PREFIX_PATH=/opt/ros/humble /usr/bin/cmake --install /home/ubuntu/turtlebot3_ws/build/ld08_driver
[31.562s] -- Install configuration: ""
[31.563s] -- Execute custom install script
[31.566s] -- Symlinking: /home/ubuntu/turtlebot3_ws/install/ld08_driver/share/ld08_driver/launch/ld08.launch.py
[31.598s] -- Symlinking: /home/ubuntu/turtlebot3_ws/install/ld08_driver/lib/ld08_driver/ld08_driver
[31.630s] -- Symlinking: /home/ubuntu/turtlebot3_ws/install/ld08_driver/share/ament_index/resource_index/package_run_dependencies/ld08_driver
[31.662s] -- Symlinking: /home/ubuntu/turtlebot3_ws/install/ld08_driver/share/ament_index/resource_index/parent_prefix_path/ld08_driver
[31.694s] -- Symlinking: /home/ubuntu/turtlebot3_ws/install/ld08_driver/share/ld08_driver/environment/ament_prefix_path.sh
[31.727s] -- Symlinking: /home/ubuntu/turtlebot3_ws/install/ld08_driver/share/ld08_driver/environment/ament_prefix_path.dsv
[31.757s] -- Symlinking: /home/ubuntu/turtlebot3_ws/install/ld08_driver/share/ld08_driver/environment/path.sh
[31.789s] -- Symlinking: /home/ubuntu/turtlebot3_ws/install/ld08_driver/share/ld08_driver/environment/path.dsv
[31.822s] -- Symlinking: /home/ubuntu/turtlebot3_ws/install/ld08_driver/share/ld08_driver/local_setup.bash
[31.855s] -- Symlinking: /home/ubuntu/turtlebot3_ws/install/ld08_driver/share/ld08_driver/local_setup.sh
[31.885s] -- Symlinking: /home/ubuntu/turtlebot3_ws/install/ld08_driver/share/ld08_driver/local_setup.zsh
[31.918s] -- Symlinking: /home/ubuntu/turtlebot3_ws/install/ld08_driver/share/ld08_driver/local_setup.dsv
[31.949s] -- Symlinking: /home/ubuntu/turtlebot3_ws/install/ld08_driver/share/ld08_driver/package.dsv
[31.980s] -- Symlinking: /home/ubuntu/turtlebot3_ws/install/ld08_driver/share/ament_index/resource_index/packages/ld08_driver
[32.015s] -- Symlinking: /home/ubuntu/turtlebot3_ws/install/ld08_driver/share/ld08_driver/cmake/ament_cmake_export_dependencies-extras.cmake
[32.047s] -- Symlinking: /home/ubuntu/turtlebot3_ws/install/ld08_driver/share/ld08_driver/cmake/ament_cmake_export_include_directories-extras.cmake
[32.078s] -- Symlinking: /home/ubuntu/turtlebot3_ws/install/ld08_driver/share/ld08_driver/cmake/ld08_driverConfig.cmake
[32.110s] -- Symlinking: /home/ubuntu/turtlebot3_ws/install/ld08_driver/share/ld08_driver/cmake/ld08_driverConfig-version.cmake
[32.142s] -- Symlinking: /home/ubuntu/turtlebot3_ws/install/ld08_driver/share/ld08_driver/package.xml
[32.179s] Invoked command in '/home/ubuntu/turtlebot3_ws/build/ld08_driver' returned '0': CMAKE_PREFIX_PATH=/opt/ros/humble /usr/bin/cmake --install /home/ubuntu/turtlebot3_ws/build/ld08_driver
