[0.538s] Invoking command in '/home/rex/colcon_ws/src/r2auto_nav_CDE2310': PYTHONPATH=/home/rex/colcon_ws/src/r2auto_nav_CDE2310/build/bot_bestie/prefix_override:/usr/lib/python3/dist-packages/colcon_core/task/python/colcon_distutils_commands:/home/rex/colcon_ws/src/r2auto_nav_CDE2310/install/bot_bestie/lib/python3.10/site-packages:${PYTHONPATH} /usr/bin/python3 -W ignore:setup.py install is deprecated -W ignore:easy_install command is deprecated setup.py egg_info --egg-base build/bot_bestie build --build-base /home/rex/colcon_ws/src/r2auto_nav_CDE2310/build/bot_bestie/build install --record /home/rex/colcon_ws/src/r2auto_nav_CDE2310/build/bot_bestie/install.log --single-version-externally-managed install_data
[0.712s] running egg_info
[0.712s] writing build/bot_bestie/bot_bestie.egg-info/PKG-INFO
[0.713s] writing dependency_links to build/bot_bestie/bot_bestie.egg-info/dependency_links.txt
[0.713s] writing entry points to build/bot_bestie/bot_bestie.egg-info/entry_points.txt
[0.713s] writing requirements to build/bot_bestie/bot_bestie.egg-info/requires.txt
[0.713s] writing top-level names to build/bot_bestie/bot_bestie.egg-info/top_level.txt
[0.714s] reading manifest file 'build/bot_bestie/bot_bestie.egg-info/SOURCES.txt'
[0.715s] writing manifest file 'build/bot_bestie/bot_bestie.egg-info/SOURCES.txt'
[0.715s] running build
[0.715s] running build_py
[0.715s] copying bot_bestie/nodes/global_controller.py -> /home/rex/colcon_ws/src/r2auto_nav_CDE2310/build/bot_bestie/build/lib/bot_bestie/nodes
[0.716s] copying bot_bestie/nodes/__init__.py -> /home/rex/colcon_ws/src/r2auto_nav_CDE2310/build/bot_bestie/build/lib/bot_bestie/nodes
[0.716s] running install
[0.716s] running install_lib
[0.716s] copying /home/rex/colcon_ws/src/r2auto_nav_CDE2310/build/bot_bestie/build/lib/bot_bestie/nodes/global_controller.py -> /home/rex/colcon_ws/src/r2auto_nav_CDE2310/install/bot_bestie/lib/python3.10/site-packages/bot_bestie/nodes
[0.716s] copying /home/rex/colcon_ws/src/r2auto_nav_CDE2310/build/bot_bestie/build/lib/bot_bestie/nodes/__init__.py -> /home/rex/colcon_ws/src/r2auto_nav_CDE2310/install/bot_bestie/lib/python3.10/site-packages/bot_bestie/nodes
[0.717s] byte-compiling /home/rex/colcon_ws/src/r2auto_nav_CDE2310/install/bot_bestie/lib/python3.10/site-packages/bot_bestie/nodes/global_controller.py to global_controller.cpython-310.pyc
[0.722s] byte-compiling /home/rex/colcon_ws/src/r2auto_nav_CDE2310/install/bot_bestie/lib/python3.10/site-packages/bot_bestie/nodes/__init__.py to __init__.cpython-310.pyc
[0.722s] running install_data
[0.722s] copying bot_bestie/launch/global_bringup.py -> /home/rex/colcon_ws/src/r2auto_nav_CDE2310/install/bot_bestie/share/bot_bestie/launch
[0.722s] copying bot_bestie/launch/nav2_bringup.py -> /home/rex/colcon_ws/src/r2auto_nav_CDE2310/install/bot_bestie/share/bot_bestie/launch
[0.722s] creating /home/rex/colcon_ws/src/r2auto_nav_CDE2310/install/bot_bestie/share/bot_bestie/param
[0.722s] copying bot_bestie/param/burger.yaml -> /home/rex/colcon_ws/src/r2auto_nav_CDE2310/install/bot_bestie/share/bot_bestie/param
[0.723s] running install_egg_info
[0.723s] removing '/home/rex/colcon_ws/src/r2auto_nav_CDE2310/install/bot_bestie/lib/python3.10/site-packages/bot_bestie-0.0.0-py3.10.egg-info' (and everything under it)
[0.724s] Copying build/bot_bestie/bot_bestie.egg-info to /home/rex/colcon_ws/src/r2auto_nav_CDE2310/install/bot_bestie/lib/python3.10/site-packages/bot_bestie-0.0.0-py3.10.egg-info
[0.724s] running install_scripts
[0.739s] Installing global_controller script to /home/rex/colcon_ws/src/r2auto_nav_CDE2310/install/bot_bestie/lib/bot_bestie
[0.739s] Installing navigation_node script to /home/rex/colcon_ws/src/r2auto_nav_CDE2310/install/bot_bestie/lib/bot_bestie
[0.740s] writing list of installed files to '/home/rex/colcon_ws/src/r2auto_nav_CDE2310/build/bot_bestie/install.log'
[0.756s] Invoked command in '/home/rex/colcon_ws/src/r2auto_nav_CDE2310' returned '0': PYTHONPATH=/home/rex/colcon_ws/src/r2auto_nav_CDE2310/build/bot_bestie/prefix_override:/usr/lib/python3/dist-packages/colcon_core/task/python/colcon_distutils_commands:/home/rex/colcon_ws/src/r2auto_nav_CDE2310/install/bot_bestie/lib/python3.10/site-packages:${PYTHONPATH} /usr/bin/python3 -W ignore:setup.py install is deprecated -W ignore:easy_install command is deprecated setup.py egg_info --egg-base build/bot_bestie build --build-base /home/rex/colcon_ws/src/r2auto_nav_CDE2310/build/bot_bestie/build install --record /home/rex/colcon_ws/src/r2auto_nav_CDE2310/build/bot_bestie/install.log --single-version-externally-managed install_data
