[3.292s] Invoking command in '/home/ubuntu/turtlebot3_ws/src/py_pubsub': PYTHONPATH=/home/ubuntu/turtlebot3_ws/build/py_pubsub/prefix_override:/usr/lib/python3/dist-packages/colcon_core/task/python/colcon_distutils_commands:/home/ubuntu/turtlebot3_ws/install/py_pubsub/lib/python3.10/site-packages:${PYTHONPATH} /usr/bin/python3 -W ignore:setup.py install is deprecated -W ignore:easy_install command is deprecated setup.py egg_info --egg-base ../../build/py_pubsub build --build-base /home/ubuntu/turtlebot3_ws/build/py_pubsub/build install --record /home/ubuntu/turtlebot3_ws/build/py_pubsub/install.log --single-version-externally-managed install_data
[4.399s] running egg_info
[4.402s] creating ../../build/py_pubsub/py_pubsub.egg-info
[4.403s] writing ../../build/py_pubsub/py_pubsub.egg-info/PKG-INFO
[4.404s] writing dependency_links to ../../build/py_pubsub/py_pubsub.egg-info/dependency_links.txt
[4.404s] writing entry points to ../../build/py_pubsub/py_pubsub.egg-info/entry_points.txt
[4.405s] writing requirements to ../../build/py_pubsub/py_pubsub.egg-info/requires.txt
[4.405s] writing top-level names to ../../build/py_pubsub/py_pubsub.egg-info/top_level.txt
[4.406s] writing manifest file '../../build/py_pubsub/py_pubsub.egg-info/SOURCES.txt'
[4.413s] reading manifest file '../../build/py_pubsub/py_pubsub.egg-info/SOURCES.txt'
[4.416s] writing manifest file '../../build/py_pubsub/py_pubsub.egg-info/SOURCES.txt'
[4.417s] running build
[4.417s] running build_py
[4.418s] creating /home/ubuntu/turtlebot3_ws/build/py_pubsub/build
[4.418s] creating /home/ubuntu/turtlebot3_ws/build/py_pubsub/build/lib
[4.419s] creating /home/ubuntu/turtlebot3_ws/build/py_pubsub/build/lib/py_pubsub
[4.419s] copying py_pubsub/__init__.py -> /home/ubuntu/turtlebot3_ws/build/py_pubsub/build/lib/py_pubsub
[4.420s] copying py_pubsub/publisher_member_function.py -> /home/ubuntu/turtlebot3_ws/build/py_pubsub/build/lib/py_pubsub
[4.420s] running install
[4.422s] running install_lib
[4.425s] creating /home/ubuntu/turtlebot3_ws/install/py_pubsub/lib/python3.10/site-packages/py_pubsub
[4.425s] copying /home/ubuntu/turtlebot3_ws/build/py_pubsub/build/lib/py_pubsub/__init__.py -> /home/ubuntu/turtlebot3_ws/install/py_pubsub/lib/python3.10/site-packages/py_pubsub
[4.426s] copying /home/ubuntu/turtlebot3_ws/build/py_pubsub/build/lib/py_pubsub/publisher_member_function.py -> /home/ubuntu/turtlebot3_ws/install/py_pubsub/lib/python3.10/site-packages/py_pubsub
[4.428s] byte-compiling /home/ubuntu/turtlebot3_ws/install/py_pubsub/lib/python3.10/site-packages/py_pubsub/__init__.py to __init__.cpython-310.pyc
[4.430s] byte-compiling /home/ubuntu/turtlebot3_ws/install/py_pubsub/lib/python3.10/site-packages/py_pubsub/publisher_member_function.py to publisher_member_function.cpython-310.pyc
[4.432s] running install_data
[4.433s] creating /home/ubuntu/turtlebot3_ws/install/py_pubsub/share/ament_index
[4.434s] creating /home/ubuntu/turtlebot3_ws/install/py_pubsub/share/ament_index/resource_index
[4.434s] creating /home/ubuntu/turtlebot3_ws/install/py_pubsub/share/ament_index/resource_index/packages
[4.435s] copying resource/py_pubsub -> /home/ubuntu/turtlebot3_ws/install/py_pubsub/share/ament_index/resource_index/packages
[4.435s] copying package.xml -> /home/ubuntu/turtlebot3_ws/install/py_pubsub/share/py_pubsub
[4.435s] running install_egg_info
[4.442s] Copying ../../build/py_pubsub/py_pubsub.egg-info to /home/ubuntu/turtlebot3_ws/install/py_pubsub/lib/python3.10/site-packages/py_pubsub-0.0.0-py3.10.egg-info
[4.447s] running install_scripts
[4.528s] Installing talker script to /home/ubuntu/turtlebot3_ws/install/py_pubsub/lib/py_pubsub
[4.529s] writing list of installed files to '/home/ubuntu/turtlebot3_ws/build/py_pubsub/install.log'
[4.647s] Invoked command in '/home/ubuntu/turtlebot3_ws/src/py_pubsub' returned '0': PYTHONPATH=/home/ubuntu/turtlebot3_ws/build/py_pubsub/prefix_override:/usr/lib/python3/dist-packages/colcon_core/task/python/colcon_distutils_commands:/home/ubuntu/turtlebot3_ws/install/py_pubsub/lib/python3.10/site-packages:${PYTHONPATH} /usr/bin/python3 -W ignore:setup.py install is deprecated -W ignore:easy_install command is deprecated setup.py egg_info --egg-base ../../build/py_pubsub build --build-base /home/ubuntu/turtlebot3_ws/build/py_pubsub/build install --record /home/ubuntu/turtlebot3_ws/build/py_pubsub/install.log --single-version-externally-managed install_data
