[4.228s] Invoking command in '/home/ubuntu/turtlebot3_ws/build/turtlebot3_example': PYTHONPATH=/home/ubuntu/turtlebot3_ws/build/turtlebot3_example/prefix_override:/usr/lib/python3/dist-packages/colcon_core/task/python/colcon_distutils_commands:/home/ubuntu/turtlebot3_ws/install/turtlebot3_example/lib/python3.10/site-packages:${PYTHONPATH} /usr/bin/python3 -W ignore:setup.py install is deprecated -W ignore:easy_install command is deprecated setup.py develop --editable --build-directory /home/ubuntu/turtlebot3_ws/build/turtlebot3_example/build --no-deps symlink_data
[5.381s] running develop
[6.124s] running egg_info
[6.125s] creating turtlebot3_example.egg-info
[6.125s] writing turtlebot3_example.egg-info/PKG-INFO
[6.127s] writing dependency_links to turtlebot3_example.egg-info/dependency_links.txt
[6.127s] writing entry points to turtlebot3_example.egg-info/entry_points.txt
[6.128s] writing requirements to turtlebot3_example.egg-info/requires.txt
[6.128s] writing top-level names to turtlebot3_example.egg-info/top_level.txt
[6.129s] writing manifest file 'turtlebot3_example.egg-info/SOURCES.txt'
[6.138s] reading manifest file 'turtlebot3_example.egg-info/SOURCES.txt'
[6.141s] writing manifest file 'turtlebot3_example.egg-info/SOURCES.txt'
[6.147s] running build_ext
[6.147s] Creating /home/ubuntu/turtlebot3_ws/install/turtlebot3_example/lib/python3.10/site-packages/turtlebot3-example.egg-link (link to .)
[6.151s] Installing turtlebot3_obstacle_detection script to /home/ubuntu/turtlebot3_ws/install/turtlebot3_example/lib/turtlebot3_example
[6.152s] Installing turtlebot3_patrol_client script to /home/ubuntu/turtlebot3_ws/install/turtlebot3_example/lib/turtlebot3_example
[6.152s] Installing turtlebot3_patrol_server script to /home/ubuntu/turtlebot3_ws/install/turtlebot3_example/lib/turtlebot3_example
[6.153s] Installing turtlebot3_position_control script to /home/ubuntu/turtlebot3_ws/install/turtlebot3_example/lib/turtlebot3_example
[6.154s] 
[6.154s] Installed /home/ubuntu/turtlebot3_ws/build/turtlebot3_example
[6.155s] running symlink_data
[6.155s] creating /home/ubuntu/turtlebot3_ws/install/turtlebot3_example/share/ament_index
[6.156s] creating /home/ubuntu/turtlebot3_ws/install/turtlebot3_example/share/ament_index/resource_index
[6.156s] creating /home/ubuntu/turtlebot3_ws/install/turtlebot3_example/share/ament_index/resource_index/packages
[6.157s] symbolically linking /home/ubuntu/turtlebot3_ws/build/turtlebot3_example/resource/turtlebot3_example -> /home/ubuntu/turtlebot3_ws/install/turtlebot3_example/share/ament_index/resource_index/packages
[6.158s] symbolically linking /home/ubuntu/turtlebot3_ws/build/turtlebot3_example/package.xml -> /home/ubuntu/turtlebot3_ws/install/turtlebot3_example/share/turtlebot3_example
[6.294s] Invoked command in '/home/ubuntu/turtlebot3_ws/build/turtlebot3_example' returned '0': PYTHONPATH=/home/ubuntu/turtlebot3_ws/build/turtlebot3_example/prefix_override:/usr/lib/python3/dist-packages/colcon_core/task/python/colcon_distutils_commands:/home/ubuntu/turtlebot3_ws/install/turtlebot3_example/lib/python3.10/site-packages:${PYTHONPATH} /usr/bin/python3 -W ignore:setup.py install is deprecated -W ignore:easy_install command is deprecated setup.py develop --editable --build-directory /home/ubuntu/turtlebot3_ws/build/turtlebot3_example/build --no-deps symlink_data
